C:\Users\sunhongji\AppData\Local\Programs\CLion\bin\cmake\win\x64\bin\cmake.exe -DCMAKE_BUILD_TYPE=Debug -DCMAKE_MAKE_PROGRAM=C:/Users/sunhongji/AppData/Local/Programs/CLion/bin/ninja/win/x64/ninja.exe -DCMAKE_C_COMPILER=D:/app/STM32CubeCLT_1.16.0/GNU-tools-for-STM32/bin/arm-none-eabi-gcc.exe -DCMAKE_CXX_COMPILER=D:/app/STM32CubeCLT_1.16.0/GNU-tools-for-STM32/bin/arm-none-eabi-g++.exe -G Ninja -S D:\CLionProjects\DBUS -B D:\CLionProjects\DBUS\cmake-build-debug
-- The C compiler identification is GNU 12.3.1
-- Detecting C compiler ABI info
-- Detecting C compiler ABI info - failed
-- Check for working C compiler: D:/app/STM32CubeCLT_1.16.0/GNU-tools-for-STM32/bin/arm-none-eabi-gcc.exe
-- Check for working C compiler: D:/app/STM32CubeCLT_1.16.0/GNU-tools-for-STM32/bin/arm-none-eabi-gcc.exe - broken
CMake Error at C:/Users/sunhongji/AppData/Local/Programs/CLion/bin/cmake/win/x64/share/cmake-3.29/Modules/CMakeTestCCompiler.cmake:67 (message):
  The C compiler

    "D:/app/STM32CubeCLT_1.16.0/GNU-tools-for-STM32/bin/arm-none-eabi-gcc.exe"

  is not able to compile a simple test program.

  It fails with the following output:

    Change Dir: 'D:/CLionProjects/DBUS/cmake-build-debug/CMakeFiles/CMakeScratch/TryCompile-2q8vzt'
    
    Run Build Command(s): C:/Users/sunhongji/AppData/Local/Programs/CLion/bin/ninja/win/x64/ninja.exe -v cmTC_5a390
    [1/2] D:\app\STM32CubeCLT_1.16.0\GNU-tools-for-STM32\bin\arm-none-eabi-gcc.exe   -fdiagnostics-color=always -o CMakeFiles/cmTC_5a390.dir/testCCompiler.c.obj -c D:/CLionProjects/DBUS/cmake-build-debug/CMakeFiles/CMakeScratch/TryCompile-2q8vzt/testCCompiler.c
    [2/2] C:\Windows\system32\cmd.exe /C "cd . && D:\app\STM32CubeCLT_1.16.0\GNU-tools-for-STM32\bin\arm-none-eabi-gcc.exe   CMakeFiles/cmTC_5a390.dir/testCCompiler.c.obj -o cmTC_5a390.exe -Wl,--out-implib,libcmTC_5a390.dll.a -Wl,--major-image-version,0,--minor-image-version,0  -lkernel32 -luser32 -lgdi32 -lwinspool -lshell32 -lole32 -loleaut32 -luuid -lcomdlg32 -ladvapi32 && cd ."
    FAILED: cmTC_5a390.exe 
    C:\Windows\system32\cmd.exe /C "cd . && D:\app\STM32CubeCLT_1.16.0\GNU-tools-for-STM32\bin\arm-none-eabi-gcc.exe   CMakeFiles/cmTC_5a390.dir/testCCompiler.c.obj -o cmTC_5a390.exe -Wl,--out-implib,libcmTC_5a390.dll.a -Wl,--major-image-version,0,--minor-image-version,0  -lkernel32 -luser32 -lgdi32 -lwinspool -lshell32 -lole32 -loleaut32 -luuid -lcomdlg32 -ladvapi32 && cd ."
    D:/app/STM32CubeCLT_1.16.0/GNU-tools-for-STM32/bin/../lib/gcc/arm-none-eabi/12.3.1/../../../../arm-none-eabi/bin/ld.exe: unrecognized option '--major-image-version'
    D:/app/STM32CubeCLT_1.16.0/GNU-tools-for-STM32/bin/../lib/gcc/arm-none-eabi/12.3.1/../../../../arm-none-eabi/bin/ld.exe: use the --help option for usage information
    collect2.exe: error: ld returned 1 exit status
    ninja: build stopped: subcommand failed.
    
    

  

  CMake will not be able to correctly generate this project.
Call Stack (most recent call first):
  CMakeLists.txt:2 (project)


-- Configuring incomplete, errors occurred!
